# JRE version: OpenJDK Runtime Environment Microsoft-25199 (11.0.12+7) (build 11.0.12+7)
# Java VM: OpenJDK 64-Bit Server VM Microsoft-25199 (11.0.12+7, mixed mode, tiered, compressed oops, g1 gc, windows-amd64)
Heap:
 garbage-first heap   total 145408K, used 76095K [0x0000000600000000, 0x0000000800000000)
  region size 2048K, 27 young (55296K), 5 survivors (10240K)
 Metaspace       used 49013K, capacity 50470K, committed 50808K, reserved 1093632K
  class space    used 6159K, capacity 6690K, committed 6784K, reserved 1048576K
GC Heap History (20 events):
Event: 0.546 GC heap before
{Heap before GC invocations=0 (full 0):
 garbage-first heap   total 120832K, used 24576K [0x0000000600000000, 0x0000000800000000)
  region size 2048K, 12 young (24576K), 0 survivors (0K)
 Metaspace       used 7229K, capacity 7341K, committed 7680K, reserved 1056768K
  class space    used 629K, capacity 657K, committed 768K, reserved 1048576K
}
Event: 0.552 GC heap after
{Heap after GC invocations=1 (full 0):
 garbage-first heap   total 120832K, used 2618K [0x0000000600000000, 0x0000000800000000)
  region size 2048K, 2 young (4096K), 2 survivors (4096K)
 Metaspace       used 7229K, capacity 7341K, committed 7680K, reserved 1056768K
  class space    used 629K, capacity 657K, committed 768K, reserved 1048576K
}
Event: 1.539 GC heap before
{Heap before GC invocations=1 (full 0):
 garbage-first heap   total 120832K, used 74298K [0x0000000600000000, 0x0000000800000000)
  region size 2048K, 35 young (71680K), 2 survivors (4096K)
 Metaspace       used 11528K, capacity 11722K, committed 11904K, reserved 1060864K
  class space    used 1216K, capacity 1290K, committed 1408K, reserved 1048576K
}
Event: 1.548 GC heap after
{Heap after GC invocations=2 (full 0):
 garbage-first heap   total 120832K, used 12288K [0x0000000600000000, 0x0000000800000000)
  region size 2048K, 4 young (8192K), 4 survivors (8192K)
 Metaspace       used 11528K, capacity 11722K, committed 11904K, reserved 1060864K
  class space    used 1216K, capacity 1290K, committed 1408K, reserved 1048576K
}
Event: 2.178 GC heap before
{Heap before GC invocations=2 (full 0):
 garbage-first heap   total 120832K, used 75776K [0x0000000600000000, 0x0000000800000000)
  region size 2048K, 35 young (71680K), 4 survivors (8192K)
 Metaspace       used 14032K, capacity 14335K, committed 14464K, reserved 1062912K
  class space    used 1551K, capacity 1651K, committed 1664K, reserved 1048576K
}
Event: 2.193 GC heap after
{Heap after GC invocations=3 (full 0):
 garbage-first heap   total 120832K, used 18059K [0x0000000600000000, 0x0000000800000000)
  region size 2048K, 3 young (6144K), 3 survivors (6144K)
 Metaspace       used 14032K, capacity 14335K, committed 14464K, reserved 1062912K
  class space    used 1551K, capacity 1651K, committed 1664K, reserved 1048576K
}
Event: 3.926 GC heap before
{Heap before GC invocations=3 (full 0):
 garbage-first heap   total 120832K, used 69259K [0x0000000600000000, 0x0000000800000000)
  region size 2048K, 29 young (59392K), 3 survivors (6144K)
 Metaspace       used 20776K, capacity 21149K, committed 21248K, reserved 1069056K
  class space    used 2421K, capacity 2548K, committed 2560K, reserved 1048576K
}
Event: 3.934 GC heap after
{Heap after GC invocations=4 (full 0):
 garbage-first heap   total 120832K, used 19818K [0x0000000600000000, 0x0000000800000000)
  region size 2048K, 1 young (2048K), 1 survivors (2048K)
 Metaspace       used 20776K, capacity 21149K, committed 21248K, reserved 1069056K
  class space    used 2421K, capacity 2548K, committed 2560K, reserved 1048576K
}
Event: 5.305 GC heap before
{Heap before GC invocations=5 (full 0):
 garbage-first heap   total 120832K, used 81258K [0x0000000600000000, 0x0000000800000000)
  region size 2048K, 31 young (63488K), 1 survivors (2048K)
 Metaspace       used 25154K, capacity 25817K, committed 25984K, reserved 1071104K
  class space    used 3124K, capacity 3366K, committed 3456K, reserved 1048576K
}
Event: 5.308 GC heap after
{Heap after GC invocations=6 (full 0):
 garbage-first heap   total 145408K, used 20937K [0x0000000600000000, 0x0000000800000000)
  region size 2048K, 2 young (4096K), 2 survivors (4096K)
 Metaspace       used 25154K, capacity 25817K, committed 25984K, reserved 1071104K
  class space    used 3124K, capacity 3366K, committed 3456K, reserved 1048576K
}
Event: 5.908 GC heap before
{Heap before GC invocations=6 (full 0):
 garbage-first heap   total 145408K, used 88521K [0x0000000600000000, 0x0000000800000000)
  region size 2048K, 36 young (73728K), 2 survivors (4096K)
 Metaspace       used 29026K, capacity 29727K, committed 29824K, reserved 1075200K
  class space    used 3668K, capacity 3901K, committed 3968K, reserved 1048576K
}
Event: 5.912 GC heap after
{Heap after GC invocations=7 (full 0):
 garbage-first heap   total 145408K, used 22696K [0x0000000600000000, 0x0000000800000000)
  region size 2048K, 3 young (6144K), 3 survivors (6144K)
 Metaspace       used 29026K, capacity 29727K, committed 29824K, reserved 1075200K
  class space    used 3668K, capacity 3901K, committed 3968K, reserved 1048576K
}
Event: 6.702 GC heap before
{Heap before GC invocations=7 (full 0):
 garbage-first heap   total 145408K, used 94376K [0x0000000600000000, 0x0000000800000000)
  region size 2048K, 38 young (77824K), 3 survivors (6144K)
 Metaspace       used 34302K, capacity 35364K, committed 35584K, reserved 1079296K
  class space    used 4443K, capacity 4843K, committed 4864K, reserved 1048576K
}
Event: 6.707 GC heap after
{Heap after GC invocations=8 (full 0):
 garbage-first heap   total 145408K, used 26786K [0x0000000600000000, 0x0000000800000000)
  region size 2048K, 5 young (10240K), 5 survivors (10240K)
 Metaspace       used 34302K, capacity 35364K, committed 35584K, reserved 1079296K
  class space    used 4443K, capacity 4843K, committed 4864K, reserved 1048576K
}
Event: 6.755 GC heap before
{Heap before GC invocations=8 (full 0):
 garbage-first heap   total 145408K, used 28834K [0x0000000600000000, 0x0000000800000000)
  region size 2048K, 7 young (14336K), 5 survivors (10240K)
 Metaspace       used 34624K, capacity 35582K, committed 35584K, reserved 1079296K
  class space    used 4495K, capacity 4862K, committed 4864K, reserved 1048576K
}
Event: 6.762 GC heap after
{Heap after GC invocations=9 (full 0):
 garbage-first heap   total 145408K, used 26967K [0x0000000600000000, 0x0000000800000000)
  region size 2048K, 3 young (6144K), 3 survivors (6144K)
 Metaspace       used 34624K, capacity 35582K, committed 35584K, reserved 1079296K
  class space    used 4495K, capacity 4862K, committed 4864K, reserved 1048576K
}
Event: 8.718 GC heap before
{Heap before GC invocations=10 (full 0):
 garbage-first heap   total 145408K, used 98647K [0x0000000600000000, 0x0000000800000000)
  region size 2048K, 38 young (77824K), 3 survivors (6144K)
 Metaspace       used 41701K, capacity 42944K, committed 43000K, reserved 1087488K
  class space    used 5409K, capacity 5887K, committed 5888K, reserved 1048576K
}
Event: 8.723 GC heap after
{Heap after GC invocations=11 (full 0):
 garbage-first heap   total 145408K, used 29688K [0x0000000600000000, 0x0000000800000000)
  region size 2048K, 4 young (8192K), 4 survivors (8192K)
 Metaspace       used 41701K, capacity 42944K, committed 43000K, reserved 1087488K
  class space    used 5409K, capacity 5887K, committed 5888K, reserved 1048576K
}
Event: 9.707 GC heap before
{Heap before GC invocations=11 (full 0):
 garbage-first heap   total 145408K, used 107512K [0x0000000600000000, 0x0000000800000000)
  region size 2048K, 40 young (81920K), 4 survivors (8192K)
 Metaspace       used 47266K, capacity 48739K, committed 48888K, reserved 1091584K
  class space    used 5997K, capacity 6536K, committed 6656K, reserved 1048576K
}
Event: 9.715 GC heap after
{Heap after GC invocations=12 (full 0):
 garbage-first heap   total 145408K, used 35135K [0x0000000600000000, 0x0000000800000000)
  region size 2048K, 5 young (10240K), 5 survivors (10240K)
 Metaspace       used 47266K, capacity 48739K, committed 48888K, reserved 1091584K
  class space    used 5997K, capacity 6536K, committed 6656K, reserved 1048576K
}

